# JRE version: OpenJDK Runtime Environment (8.0_151-b12) (build 1.8.0_151-8u151-b12-0ubuntu0.16.04.2-b12)
# Java VM: OpenJDK 64-Bit Server VM (25.151-b12 mixed mode linux-amd64 compressed oops)
Heap:
 PSYoungGen      total 164864K, used 64470K [0x00000000eab00000, 0x00000000f7380000, 0x0000000100000000)
  eden space 127488K, 45% used [0x00000000eab00000,0x00000000ee3eb508,0x00000000f2780000)
  from space 37376K, 16% used [0x00000000f2780000,0x00000000f2d8a548,0x00000000f4c00000)
  to   space 37888K, 0% used [0x00000000f4e80000,0x00000000f4e80000,0x00000000f7380000)
 ParOldGen       total 136192K, used 87612K [0x00000000c0000000, 0x00000000c8500000, 0x00000000eab00000)
  object space 136192K, 64% used [0x00000000c0000000,0x00000000c558f248,0x00000000c8500000)
 Metaspace       used 101501K, capacity 112104K, committed 112664K, reserved 1146880K
  class space    used 12339K, capacity 15548K, committed 15640K, reserved 1048576K
GC Heap History (10 events):
Event: 2509,662 GC heap before
{Heap before GC invocations=54 (full 4):
 PSYoungGen      total 150528K, used 150210K [0x00000000eab00000, 0x00000000f7100000, 0x0000000100000000)
  eden space 131072K, 100% used [0x00000000eab00000,0x00000000f2b00000,0x00000000f2b00000)
  from space 19456K, 98% used [0x00000000f3000000,0x00000000f42b0810,0x00000000f4300000)
  to   space 35840K, 0% used [0x00000000f4e00000,0x00000000f4e00000,0x00000000f7100000)
 ParOldGen       total 117760K, used 110543K [0x00000000c0000000, 0x00000000c7300000, 0x00000000eab00000)
  object space 117760K, 93% used [0x00000000c0000000,0x00000000c6bf3d30,0x00000000c7300000)
 Metaspace       used 101608K, capacity 112530K, committed 112664K, reserved 1146880K
  class space    used 12373K, capacity 15614K, committed 15640K, reserved 1048576K
Event: 2509,683 GC heap after
Heap after GC invocations=54 (full 4):
 PSYoungGen      total 155648K, used 18335K [0x00000000eab00000, 0x00000000f6b00000, 0x0000000100000000)
  eden space 125952K, 0% used [0x00000000eab00000,0x00000000eab00000,0x00000000f2600000)
  from space 29696K, 61% used [0x00000000f4e00000,0x00000000f5fe7cf8,0x00000000f6b00000)
  to   space 35328K, 0% used [0x00000000f2600000,0x00000000f2600000,0x00000000f4880000)
 ParOldGen       total 117760K, used 113525K [0x00000000c0000000, 0x00000000c7300000, 0x00000000eab00000)
  object space 117760K, 96% used [0x00000000c0000000,0x00000000c6edd6a0,0x00000000c7300000)
 Metaspace       used 101608K, capacity 112530K, committed 112664K, reserved 1146880K
  class space    used 12373K, capacity 15614K, committed 15640K, reserved 1048576K
}
Event: 2509,683 GC heap before
{Heap before GC invocations=55 (full 5):
 PSYoungGen      total 155648K, used 18335K [0x00000000eab00000, 0x00000000f6b00000, 0x0000000100000000)
  eden space 125952K, 0% used [0x00000000eab00000,0x00000000eab00000,0x00000000f2600000)
  from space 29696K, 61% used [0x00000000f4e00000,0x00000000f5fe7cf8,0x00000000f6b00000)
  to   space 35328K, 0% used [0x00000000f2600000,0x00000000f2600000,0x00000000f4880000)
 ParOldGen       total 117760K, used 113525K [0x00000000c0000000, 0x00000000c7300000, 0x00000000eab00000)
  object space 117760K, 96% used [0x00000000c0000000,0x00000000c6edd6a0,0x00000000c7300000)
 Metaspace       used 101608K, capacity 112530K, committed 112664K, reserved 1146880K
  class space    used 12373K, capacity 15614K, committed 15640K, reserved 1048576K
Event: 2510,121 GC heap after
Heap after GC invocations=55 (full 5):
 PSYoungGen      total 155648K, used 0K [0x00000000eab00000, 0x00000000f6b00000, 0x0000000100000000)
  eden space 125952K, 0% used [0x00000000eab00000,0x00000000eab00000,0x00000000f2600000)
  from space 29696K, 0% used [0x00000000f4e00000,0x00000000f4e00000,0x00000000f6b00000)
  to   space 35328K, 0% used [0x00000000f2600000,0x00000000f2600000,0x00000000f4880000)
 ParOldGen       total 136192K, used 87588K [0x00000000c0000000, 0x00000000c8500000, 0x00000000eab00000)
  object space 136192K, 64% used [0x00000000c0000000,0x00000000c5589248,0x00000000c8500000)
 Metaspace       used 101257K, capacity 112022K, committed 112664K, reserved 1146880K
  class space    used 12336K, capacity 15545K, committed 15640K, reserved 1048576K
}
Event: 2511,879 GC heap before
{Heap before GC invocations=56 (full 5):
 PSYoungGen      total 155648K, used 125952K [0x00000000eab00000, 0x00000000f6b00000, 0x0000000100000000)
  eden space 125952K, 100% used [0x00000000eab00000,0x00000000f2600000,0x00000000f2600000)
  from space 29696K, 0% used [0x00000000f4e00000,0x00000000f4e00000,0x00000000f6b00000)
  to   space 35328K, 0% used [0x00000000f2600000,0x00000000f2600000,0x00000000f4880000)
 ParOldGen       total 136192K, used 87588K [0x00000000c0000000, 0x00000000c8500000, 0x00000000eab00000)
  object space 136192K, 64% used [0x00000000c0000000,0x00000000c5589248,0x00000000c8500000)
 Metaspace       used 101299K, capacity 112040K, committed 112664K, reserved 1146880K
  class space    used 12337K, capacity 15548K, committed 15640K, reserved 1048576K
Event: 2511,893 GC heap after
Heap after GC invocations=56 (full 5):
 PSYoungGen      total 161280K, used 7821K [0x00000000eab00000, 0x00000000f6f80000, 0x0000000100000000)
  eden space 125952K, 0% used [0x00000000eab00000,0x00000000eab00000,0x00000000f2600000)
  from space 35328K, 22% used [0x00000000f2600000,0x00000000f2da3628,0x00000000f4880000)
  to   space 36352K, 0% used [0x00000000f4c00000,0x00000000f4c00000,0x00000000f6f80000)
 ParOldGen       total 136192K, used 87596K [0x00000000c0000000, 0x00000000c8500000, 0x00000000eab00000)
  object space 136192K, 64% used [0x00000000c0000000,0x00000000c558b248,0x00000000c8500000)
 Metaspace       used 101299K, capacity 112040K, committed 112664K, reserved 1146880K
  class space    used 12337K, capacity 15548K, committed 15640K, reserved 1048576K
}
Event: 2522,747 GC heap before
{Heap before GC invocations=57 (full 5):
 PSYoungGen      total 161280K, used 133773K [0x00000000eab00000, 0x00000000f6f80000, 0x0000000100000000)
  eden space 125952K, 100% used [0x00000000eab00000,0x00000000f2600000,0x00000000f2600000)
  from space 35328K, 22% used [0x00000000f2600000,0x00000000f2da3628,0x00000000f4880000)
  to   space 36352K, 0% used [0x00000000f4c00000,0x00000000f4c00000,0x00000000f6f80000)
 ParOldGen       total 136192K, used 87596K [0x00000000c0000000, 0x00000000c8500000, 0x00000000eab00000)
  object space 136192K, 64% used [0x00000000c0000000,0x00000000c558b248,0x00000000c8500000)
 Metaspace       used 101396K, capacity 112104K, committed 112664K, reserved 1146880K
  class space    used 12338K, capacity 15548K, committed 15640K, reserved 1048576K
Event: 2522,758 GC heap after
Heap after GC invocations=57 (full 5):
 PSYoungGen      total 163840K, used 6227K [0x00000000eab00000, 0x00000000f7180000, 0x0000000100000000)
  eden space 127488K, 0% used [0x00000000eab00000,0x00000000eab00000,0x00000000f2780000)
  from space 36352K, 17% used [0x00000000f4c00000,0x00000000f5214d90,0x00000000f6f80000)
  to   space 37376K, 0% used [0x00000000f2780000,0x00000000f2780000,0x00000000f4c00000)
 ParOldGen       total 136192K, used 87604K [0x00000000c0000000, 0x00000000c8500000, 0x00000000eab00000)
  object space 136192K, 64% used [0x00000000c0000000,0x00000000c558d248,0x00000000c8500000)
 Metaspace       used 101396K, capacity 112104K, committed 112664K, reserved 1146880K
  class space    used 12338K, capacity 15548K, committed 15640K, reserved 1048576K
}
Event: 2530,005 GC heap before
{Heap before GC invocations=58 (full 5):
 PSYoungGen      total 163840K, used 133715K [0x00000000eab00000, 0x00000000f7180000, 0x0000000100000000)
  eden space 127488K, 100% used [0x00000000eab00000,0x00000000f2780000,0x00000000f2780000)
  from space 36352K, 17% used [0x00000000f4c00000,0x00000000f5214d90,0x00000000f6f80000)
  to   space 37376K, 0% used [0x00000000f2780000,0x00000000f2780000,0x00000000f4c00000)
 ParOldGen       total 136192K, used 87604K [0x00000000c0000000, 0x00000000c8500000, 0x00000000eab00000)
  object space 136192K, 64% used [0x00000000c0000000,0x00000000c558d248,0x00000000c8500000)
 Metaspace       used 101474K, capacity 112104K, committed 112664K, reserved 1146880K
  class space    used 12338K, capacity 15548K, committed 15640K, reserved 1048576K
Event: 2530,013 GC heap after
Heap after GC invocations=58 (full 5):
 PSYoungGen      total 164864K, used 6185K [0x00000000eab00000, 0x00000000f7380000, 0x0000000100000000)
  eden space 127488K, 0% used [0x00000000eab00000,0x00000000eab00000,0x00000000f2780000)
  from space 37376K, 16% used [0x00000000f2780000,0x00000000f2d8a548,0x00000000f4c00000)
  to   space 37888K, 0% used [0x00000000f4e80000,0x00000000f4e80000,0x00000000f7380000)
 ParOldGen       total 136192K, used 87612K [0x00000000c0000000, 0x00000000c8500000, 0x00000000eab00000)
  object space 136192K, 64% used [0x00000000c0000000,0x00000000c558f248,0x00000000c8500000)
 Metaspace       used 101474K, capacity 112104K, committed 112664K, reserved 1146880K
  class space    used 12338K, capacity 15548K, committed 15640K, reserved 1048576K
}

